<?xml version="1.0" encoding="UTF-8"?>
<!-- Generated by org.testng.reporters.JUnitReportReporter -->
<testsuite hostname="DESKTOP-UKPFFF3" failures="0" tests="2" name="Cucumber.TestNGTestRunner" time="20.532" errors="0" timestamp="2025-07-13T14:59:36 IST" skipped="0">
  <testcase classname="Cucumber.TestNGTestRunner" name="runScenario" time="16.875"/>
  <testcase classname="Cucumber.TestNGTestRunner" name="runScenario" time="3.657"/>
</testsuite> <!-- Cucumber.TestNGTestRunner -->
