<?xml version="1.0" encoding="UTF-8"?>
<!-- Generated by org.testng.reporters.JUnitReportReporter -->
<testsuite hostname="DESKTOP-UKPFFF3" failures="0" tests="2" name="syedrehmanseleniumproject.Tests.ErrorValidation" time="22.660" errors="0" timestamp="2025-07-05T20:27:07 IST" skipped="0">
  <testcase classname="syedrehmanseleniumproject.Tests.ErrorValidation" name="submitOrder" time="3.885"/>
  <testcase classname="syedrehmanseleniumproject.Tests.ErrorValidation" name="loginPageErrorValidation" time="18.775"/>
</testsuite> <!-- syedrehmanseleniumproject.Tests.ErrorValidation -->
